SF:lib/models/response/motel_model.dart
DA:13,3
DA:24,1
DA:25,1
DA:26,1
DA:27,1
DA:28,1
DA:29,2
DA:30,1
DA:31,1
DA:32,3
DA:33,1
DA:34,1
DA:35,1
DA:36,2
DA:40,1
DA:41,1
DA:42,1
DA:43,1
DA:44,1
DA:45,1
DA:46,1
DA:47,5
DA:48,1
DA:49,1
LF:24
LH:24
end_of_record
SF:lib/models/response/suite_model.dart
DA:16,3
DA:26,2
DA:27,2
DA:28,2
DA:29,2
DA:30,2
DA:31,2
DA:32,6
DA:33,2
DA:34,0
DA:35,2
DA:36,6
DA:37,2
DA:38,0
DA:39,2
DA:40,2
DA:41,4
DA:42,2
DA:43,0
DA:44,2
DA:45,6
DA:46,2
DA:47,0
DA:51,2
DA:52,2
DA:53,2
DA:54,2
DA:55,2
DA:56,2
DA:57,8
DA:58,8
DA:59,8
LF:32
LH:28
end_of_record
SF:lib/core/constants/endpoints.dart
DA:2,0
LF:1
LH:0
end_of_record
SF:lib/models/response/category_item_model.dart
DA:7,2
DA:12,2
DA:13,2
DA:14,2
DA:15,2
DA:19,1
DA:20,1
DA:21,1
DA:22,1
LF:9
LH:9
end_of_record
SF:lib/models/response/discount_model.dart
DA:5,2
DA:7,2
DA:8,2
DA:9,4
DA:13,1
DA:14,1
DA:15,1
LF:7
LH:7
end_of_record
SF:lib/models/response/item_suite_model.dart
DA:5,2
DA:9,2
DA:10,2
DA:11,2
DA:15,1
DA:16,1
DA:17,1
LF:7
LH:7
end_of_record
SF:lib/models/response/period_model.dart
DA:12,2
DA:21,2
DA:22,2
DA:23,2
DA:24,2
DA:25,4
DA:26,4
DA:27,2
DA:28,2
DA:29,4
DA:34,1
DA:35,1
DA:36,1
DA:37,1
DA:38,1
DA:39,1
DA:40,1
DA:41,2
LF:18
LH:18
end_of_record
SF:lib/repositories/implementations/motel_repository.dart
DA:13,1
DA:17,1
DA:20,2
DA:21,3
DA:22,3
DA:23,3
DA:25,1
DA:31,1
DA:34,1
DA:36,2
DA:37,3
DA:38,3
DA:40,3
LF:13
LH:13
end_of_record
SF:lib/services/http/api_client.dart
DA:10,1
DA:16,1
DA:22,2
DA:23,2
DA:25,1
DA:26,1
DA:27,1
DA:28,1
DA:29,1
DA:30,0
DA:31,1
DA:32,0
DA:33,1
DA:34,0
DA:36,1
DA:40,1
DA:47,4
DA:48,2
DA:50,1
DA:51,1
DA:53,1
DA:54,1
DA:55,1
DA:56,0
DA:57,0
DA:58,0
DA:59,0
DA:60,0
DA:61,0
DA:63,0
DA:67,1
DA:73,4
DA:74,2
DA:76,2
DA:77,1
DA:78,1
DA:79,2
DA:80,1
DA:81,1
DA:82,0
DA:83,0
DA:85,0
DA:89,1
DA:96,4
DA:97,2
DA:99,2
DA:100,1
DA:101,1
DA:102,1
DA:103,2
DA:104,1
DA:105,0
DA:106,1
DA:107,1
DA:109,0
DA:113,1
DA:116,4
DA:117,1
DA:118,1
DA:119,2
DA:120,1
DA:121,0
DA:122,1
DA:123,1
DA:125,0
DA:129,1
DA:130,4
DA:133,2
DA:134,3
DA:135,1
DA:136,3
LF:71
LH:54
end_of_record
SF:lib/services/http/http_exeption.dart
DA:3,2
DA:5,0
DA:6,0
LF:3
LH:1
end_of_record
SF:lib/features/home/view_model/home_view_model.dart
DA:9,1
DA:14,1
DA:16,2
DA:17,2
DA:18,1
DA:19,2
DA:21,1
DA:25,1
DA:27,2
DA:28,2
DA:29,1
DA:30,2
DA:32,1
LF:13
LH:13
end_of_record
SF:lib/core/helper/result_pattern.dart
DA:10,0
DA:16,1
DA:22,1
DA:28,0
DA:34,0
DA:40,0
LF:6
LH:2
end_of_record
