SF:lib/models/response/motel_model.dart
DA:15,2
DA:26,1
DA:27,1
DA:28,1
DA:29,1
DA:30,1
DA:31,2
DA:32,1
DA:33,1
DA:34,3
DA:35,1
DA:36,0
DA:37,1
DA:38,2
DA:42,1
DA:43,1
DA:44,1
DA:45,1
DA:46,1
DA:47,1
DA:48,1
DA:49,5
DA:50,1
DA:51,1
LF:24
LH:23
end_of_record
SF:lib/repositories/implementations/motel_repository.dart
DA:11,1
DA:15,1
DA:18,2
DA:19,2
DA:20,3
DA:21,3
DA:23,1
LF:7
LH:7
end_of_record
SF:lib/services/http/api_client.dart
DA:10,1
DA:15,1
DA:21,4
DA:22,2
DA:24,3
DA:25,1
DA:26,1
DA:27,0
DA:28,1
DA:29,0
DA:30,1
DA:31,0
DA:33,1
DA:37,1
DA:44,4
DA:45,2
DA:47,2
DA:48,2
DA:49,1
DA:50,0
DA:51,0
DA:52,0
DA:53,0
DA:54,0
DA:55,0
DA:57,0
DA:61,1
DA:67,4
DA:68,2
DA:70,2
DA:71,1
DA:72,1
DA:73,2
DA:74,1
DA:75,1
DA:76,0
DA:77,0
DA:79,0
DA:83,1
DA:90,4
DA:91,2
DA:93,2
DA:94,1
DA:95,1
DA:96,1
DA:97,2
DA:98,1
DA:99,0
DA:100,1
DA:101,1
DA:103,0
DA:107,1
DA:110,4
DA:111,1
DA:112,1
DA:113,2
DA:114,1
DA:115,0
DA:116,1
DA:117,1
DA:119,0
DA:123,1
DA:124,4
DA:127,2
DA:128,3
DA:129,1
DA:130,3
LF:67
LH:50
end_of_record
SF:lib/services/http/http_exeption.dart
DA:3,2
DA:5,0
DA:6,0
LF:3
LH:1
end_of_record
SF:lib/core/constants/endpoints.dart
DA:2,0
LF:1
LH:0
end_of_record
SF:lib/models/response/category_item_model.dart
DA:7,2
DA:12,2
DA:13,2
DA:14,2
DA:15,2
DA:19,1
DA:20,1
DA:21,1
DA:22,1
LF:9
LH:9
end_of_record
SF:lib/models/response/discount_model.dart
DA:5,2
DA:7,2
DA:8,2
DA:9,4
DA:13,1
DA:14,1
DA:15,1
LF:7
LH:7
end_of_record
SF:lib/models/response/item_suite_model.dart
DA:5,2
DA:9,2
DA:10,2
DA:11,2
DA:15,1
DA:16,1
DA:17,1
LF:7
LH:7
end_of_record
SF:lib/models/response/suite_model.dart
DA:16,3
DA:26,2
DA:27,2
DA:28,2
DA:29,2
DA:30,2
DA:31,2
DA:32,6
DA:33,2
DA:34,0
DA:35,2
DA:36,6
DA:37,2
DA:38,0
DA:39,2
DA:40,2
DA:41,4
DA:42,2
DA:43,0
DA:44,2
DA:45,6
DA:46,2
DA:47,0
DA:51,2
DA:52,2
DA:53,2
DA:54,2
DA:55,2
DA:56,2
DA:57,8
DA:58,8
DA:59,8
LF:32
LH:28
end_of_record
SF:lib/models/response/period_model.dart
DA:12,2
DA:21,2
DA:22,2
DA:23,2
DA:24,2
DA:25,4
DA:26,4
DA:27,2
DA:28,2
DA:29,4
DA:34,1
DA:35,1
DA:36,1
DA:37,1
DA:38,1
DA:39,1
DA:40,1
DA:41,2
LF:18
LH:18
end_of_record
